{"name":"Creation of contact","status":"failed","statusDetails":{"known":false,"muted":false,"flaky":false,"message":"Cannot find option 'Africa'","trace":"java.lang.AssertionError: Cannot find option 'Africa'\r\n\tat org.testng.Assert.fail(Assert.java:97)\r\n\tat elements.LookUp.select(LookUp.java:25)\r\n\tat pages.NewContactModal.create(NewContactModal.java:26)\r\n\tat steps.ContactSteps.create(ContactSteps.java:25)\r\n\tat tests.ContactTest.createContact(ContactTest.java:10)\r\n\tat java.base/jdk.internal.reflect.NativeMethodAccessorImpl.invoke0(Native Method)\r\n\tat java.base/jdk.internal.reflect.NativeMethodAccessorImpl.invoke(NativeMethodAccessorImpl.java:64)\r\n\tat java.base/jdk.internal.reflect.DelegatingMethodAccessorImpl.invoke(DelegatingMethodAccessorImpl.java:43)\r\n\tat java.base/java.lang.reflect.Method.invoke(Method.java:564)\r\n\tat org.testng.internal.MethodInvocationHelper.invokeMethod(MethodInvocationHelper.java:133)\r\n\tat org.testng.internal.TestInvoker.invokeMethod(TestInvoker.java:584)\r\n\tat org.testng.internal.TestInvoker.invokeTestMethod(TestInvoker.java:172)\r\n\tat org.testng.internal.MethodRunner.runInSequence(MethodRunner.java:46)\r\n\tat org.testng.internal.TestInvoker$MethodInvocationAgent.invoke(TestInvoker.java:804)\r\n\tat org.testng.internal.TestInvoker.invokeTestMethods(TestInvoker.java:145)\r\n\tat org.testng.internal.TestMethodWorker.invokeTestMethods(TestMethodWorker.java:146)\r\n\tat org.testng.internal.TestMethodWorker.run(TestMethodWorker.java:128)\r\n\tat java.base/java.util.ArrayList.forEach(ArrayList.java:1511)\r\n\tat org.testng.TestRunner.privateRun(TestRunner.java:770)\r\n\tat org.testng.TestRunner.run(TestRunner.java:591)\r\n\tat org.testng.SuiteRunner.runTest(SuiteRunner.java:402)\r\n\tat org.testng.SuiteRunner.runSequentially(SuiteRunner.java:396)\r\n\tat org.testng.SuiteRunner.privateRun(SuiteRunner.java:355)\r\n\tat org.testng.SuiteRunner.run(SuiteRunner.java:304)\r\n\tat org.testng.SuiteRunnerWorker.runSuite(SuiteRunnerWorker.java:53)\r\n\tat org.testng.SuiteRunnerWorker.run(SuiteRunnerWorker.java:96)\r\n\tat org.testng.TestNG.runSuitesSequentially(TestNG.java:1180)\r\n\tat org.testng.TestNG.runSuitesLocally(TestNG.java:1102)\r\n\tat org.testng.TestNG.runSuites(TestNG.java:1032)\r\n\tat org.testng.TestNG.run(TestNG.java:1000)\r\n\tat com.intellij.rt.testng.IDEARemoteTestNG.run(IDEARemoteTestNG.java:66)\r\n\tat com.intellij.rt.testng.RemoteTestNGStarter.main(RemoteTestNGStarter.java:109)\r\n"},"stage":"finished","steps":[{"name":"Login by user: 'timoshkevichmisha-peu0@force.com'","status":"passed","stage":"finished","steps":[{"name":"Opening Login page","status":"passed","stage":"finished","steps":[],"attachments":[],"parameters":[],"start":1615813948758,"stop":1615813954883},{"name":"Login by user timoshkevichmisha-peu0@force.com","status":"passed","stage":"finished","steps":[],"attachments":[],"parameters":[{"name":"userName","value":"timoshkevichmisha-peu0@force.com"},{"name":"password","value":"Misha9753954"}],"start":1615813954884,"stop":1615813971083}],"attachments":[],"parameters":[{"name":"user","value":"timoshkevichmisha-peu0@force.com"},{"name":"password","value":"Misha9753954"}],"start":1615813948745,"stop":1615813973748},{"name":"Creating contact:'Timoshkevich'","status":"failed","statusDetails":{"known":false,"muted":false,"flaky":false,"message":"Cannot find option 'Africa'","trace":"java.lang.AssertionError: Cannot find option 'Africa'\r\n\tat org.testng.Assert.fail(Assert.java:97)\r\n\tat elements.LookUp.select(LookUp.java:25)\r\n\tat pages.NewContactModal.create(NewContactModal.java:26)\r\n\tat steps.ContactSteps.create(ContactSteps.java:25)\r\n\tat tests.ContactTest.createContact(ContactTest.java:10)\r\n\tat java.base/jdk.internal.reflect.NativeMethodAccessorImpl.invoke0(Native Method)\r\n\tat java.base/jdk.internal.reflect.NativeMethodAccessorImpl.invoke(NativeMethodAccessorImpl.java:64)\r\n\tat java.base/jdk.internal.reflect.DelegatingMethodAccessorImpl.invoke(DelegatingMethodAccessorImpl.java:43)\r\n\tat java.base/java.lang.reflect.Method.invoke(Method.java:564)\r\n\tat org.testng.internal.MethodInvocationHelper.invokeMethod(MethodInvocationHelper.java:133)\r\n\tat org.testng.internal.TestInvoker.invokeMethod(TestInvoker.java:584)\r\n\tat org.testng.internal.TestInvoker.invokeTestMethod(TestInvoker.java:172)\r\n\tat org.testng.internal.MethodRunner.runInSequence(MethodRunner.java:46)\r\n\tat org.testng.internal.TestInvoker$MethodInvocationAgent.invoke(TestInvoker.java:804)\r\n\tat org.testng.internal.TestInvoker.invokeTestMethods(TestInvoker.java:145)\r\n\tat org.testng.internal.TestMethodWorker.invokeTestMethods(TestMethodWorker.java:146)\r\n\tat org.testng.internal.TestMethodWorker.run(TestMethodWorker.java:128)\r\n\tat java.base/java.util.ArrayList.forEach(ArrayList.java:1511)\r\n\tat org.testng.TestRunner.privateRun(TestRunner.java:770)\r\n\tat org.testng.TestRunner.run(TestRunner.java:591)\r\n\tat org.testng.SuiteRunner.runTest(SuiteRunner.java:402)\r\n\tat org.testng.SuiteRunner.runSequentially(SuiteRunner.java:396)\r\n\tat org.testng.SuiteRunner.privateRun(SuiteRunner.java:355)\r\n\tat org.testng.SuiteRunner.run(SuiteRunner.java:304)\r\n\tat org.testng.SuiteRunnerWorker.runSuite(SuiteRunnerWorker.java:53)\r\n\tat org.testng.SuiteRunnerWorker.run(SuiteRunnerWorker.java:96)\r\n\tat org.testng.TestNG.runSuitesSequentially(TestNG.java:1180)\r\n\tat org.testng.TestNG.runSuitesLocally(TestNG.java:1102)\r\n\tat org.testng.TestNG.runSuites(TestNG.java:1032)\r\n\tat org.testng.TestNG.run(TestNG.java:1000)\r\n\tat com.intellij.rt.testng.IDEARemoteTestNG.run(IDEARemoteTestNG.java:66)\r\n\tat com.intellij.rt.testng.RemoteTestNGStarter.main(RemoteTestNGStarter.java:109)\r\n"},"stage":"finished","steps":[{"name":"Opening contacts list","status":"passed","stage":"finished","steps":[],"attachments":[],"parameters":[],"start":1615813973766,"stop":1615813976180},{"name":"Click 'New'","status":"passed","stage":"finished","steps":[],"attachments":[],"parameters":[],"start":1615813979883,"stop":1615813979942},{"name":"Creating contact: Timoshkevich","status":"failed","statusDetails":{"known":false,"muted":false,"flaky":false,"message":"Cannot find option 'Africa'","trace":"java.lang.AssertionError: Cannot find option 'Africa'\r\n\tat org.testng.Assert.fail(Assert.java:97)\r\n\tat elements.LookUp.select(LookUp.java:25)\r\n\tat pages.NewContactModal.create(NewContactModal.java:26)\r\n\tat steps.ContactSteps.create(ContactSteps.java:25)\r\n\tat tests.ContactTest.createContact(ContactTest.java:10)\r\n\tat java.base/jdk.internal.reflect.NativeMethodAccessorImpl.invoke0(Native Method)\r\n\tat java.base/jdk.internal.reflect.NativeMethodAccessorImpl.invoke(NativeMethodAccessorImpl.java:64)\r\n\tat java.base/jdk.internal.reflect.DelegatingMethodAccessorImpl.invoke(DelegatingMethodAccessorImpl.java:43)\r\n\tat java.base/java.lang.reflect.Method.invoke(Method.java:564)\r\n\tat org.testng.internal.MethodInvocationHelper.invokeMethod(MethodInvocationHelper.java:133)\r\n\tat org.testng.internal.TestInvoker.invokeMethod(TestInvoker.java:584)\r\n\tat org.testng.internal.TestInvoker.invokeTestMethod(TestInvoker.java:172)\r\n\tat org.testng.internal.MethodRunner.runInSequence(MethodRunner.java:46)\r\n\tat org.testng.internal.TestInvoker$MethodInvocationAgent.invoke(TestInvoker.java:804)\r\n\tat org.testng.internal.TestInvoker.invokeTestMethods(TestInvoker.java:145)\r\n\tat org.testng.internal.TestMethodWorker.invokeTestMethods(TestMethodWorker.java:146)\r\n\tat org.testng.internal.TestMethodWorker.run(TestMethodWorker.java:128)\r\n\tat java.base/java.util.ArrayList.forEach(ArrayList.java:1511)\r\n\tat org.testng.TestRunner.privateRun(TestRunner.java:770)\r\n\tat org.testng.TestRunner.run(TestRunner.java:591)\r\n\tat org.testng.SuiteRunner.runTest(SuiteRunner.java:402)\r\n\tat org.testng.SuiteRunner.runSequentially(SuiteRunner.java:396)\r\n\tat org.testng.SuiteRunner.privateRun(SuiteRunner.java:355)\r\n\tat org.testng.SuiteRunner.run(SuiteRunner.java:304)\r\n\tat org.testng.SuiteRunnerWorker.runSuite(SuiteRunnerWorker.java:53)\r\n\tat org.testng.SuiteRunnerWorker.run(SuiteRunnerWorker.java:96)\r\n\tat org.testng.TestNG.runSuitesSequentially(TestNG.java:1180)\r\n\tat org.testng.TestNG.runSuitesLocally(TestNG.java:1102)\r\n\tat org.testng.TestNG.runSuites(TestNG.java:1032)\r\n\tat org.testng.TestNG.run(TestNG.java:1000)\r\n\tat com.intellij.rt.testng.IDEARemoteTestNG.run(IDEARemoteTestNG.java:66)\r\n\tat com.intellij.rt.testng.RemoteTestNGStarter.main(RemoteTestNGStarter.java:109)\r\n"},"stage":"finished","steps":[],"attachments":[],"parameters":[{"name":"contact","value":"models.Contact@4a70d302"}],"start":1615813979943,"stop":1615814003885}],"attachments":[],"parameters":[{"name":"contact","value":"models.Contact@4a70d302"}],"start":1615813973752,"stop":1615814003885}],"attachments":[{"name":"Last screen state","source":"a2b1babc-c2b5-43d8-b9a8-dcfaa0c18ec0-attachment","type":"image/png"}],"parameters":[],"start":1615813948729,"stop":1615814004268,"uuid":"0ff074c7-a390-4cc8-abd3-3c1af69081ce","historyId":"8c0a75f4b348eb8adf6f0d3da9533820","fullName":"tests.ContactTest.createContact","labels":[{"name":"package","value":"tests.ContactTest"},{"name":"testClass","value":"tests.ContactTest"},{"name":"testMethod","value":"createContact"},{"name":"parentSuite","value":"Default Suite"},{"name":"suite","value":"Salesforce"},{"name":"subSuite","value":"tests.ContactTest"},{"name":"host","value":"DESKTOP-AULMO5N"},{"name":"thread","value":"13472@DESKTOP-AULMO5N.main(1)"},{"name":"framework","value":"testng"},{"name":"language","value":"java"}],"links":[]}